c:\users\jasiu\desktop\pong\pong-master\p4 lab 02 winapi pong\p4 lab 02 winapi pong\debug\p4 lab 02 winapi.pch
c:\users\jasiu\desktop\pong\pong-master\p4 lab 02 winapi pong\p4 lab 02 winapi pong\debug\vc141.pdb
c:\users\jasiu\desktop\pong\pong-master\p4 lab 02 winapi pong\p4 lab 02 winapi pong\debug\vc141.idb
c:\users\jasiu\desktop\pong\pong-master\p4 lab 02 winapi pong\p4 lab 02 winapi pong\debug\stdafx.obj
c:\users\jasiu\desktop\pong\pong-master\p4 lab 02 winapi pong\p4 lab 02 winapi pong\debug\p4 lab 02 try2.obj
c:\users\jasiu\desktop\pong\pong gruszka\p4 lab 02 winapi pong\p4 lab 02 winapi pong\debug\p4 lab 02 winapi.pch
c:\users\jasiu\desktop\pong\pong gruszka\p4 lab 02 winapi pong\p4 lab 02 winapi pong\debug\vc141.pdb
c:\users\jasiu\desktop\pong\pong gruszka\p4 lab 02 winapi pong\p4 lab 02 winapi pong\debug\vc141.idb
c:\users\jasiu\desktop\pong\pong gruszka\p4 lab 02 winapi pong\p4 lab 02 winapi pong\debug\stdafx.obj
c:\users\jasiu\desktop\pong\pong gruszka\p4 lab 02 winapi pong\p4 lab 02 winapi pong\debug\p4 lab 02 try2.obj
c:\users\jasiu\desktop\pong\pong-master\p4 lab 02 winapi pong\debug\p4 lab 02 winapi.ilk
c:\users\jasiu\desktop\pong\pong-master\p4 lab 02 winapi pong\debug\p4 lab 02 winapi.exe
c:\users\jasiu\desktop\pong\pong-master\p4 lab 02 winapi pong\debug\p4 lab 02 winapi.pdb
c:\users\jasiu\desktop\pong\pong-master\p4 lab 02 winapi pong\p4 lab 02 winapi pong\debug\p4 lab 02 winapi.ilk
c:\users\jasiu\desktop\pong\pong-master\p4 lab 02 winapi pong\p4 lab 02 winapi pong\debug\p4 lab 02 winapi.exe
c:\users\jasiu\desktop\pong\pong-master\p4 lab 02 winapi pong\p4 lab 02 winapi pong\debug\p4 lab 02 winapi.pdb
c:\users\jasiu\desktop\pong\pong gruszka\p4 lab 02 winapi pong\debug\p4 lab 02 winapi.ilk
c:\users\jasiu\desktop\pong\pong gruszka\p4 lab 02 winapi pong\debug\p4 lab 02 winapi.exe
c:\users\jasiu\desktop\pong\pong gruszka\p4 lab 02 winapi pong\debug\p4 lab 02 winapi.pdb
c:\users\jasiu\desktop\pong\pong-master\p4 lab 02 winapi pong\p4 lab 02 winapi pong\debug\p4 lab 02 try2.res
c:\users\jasiu\desktop\pong\pong gruszka\p4 lab 02 winapi pong\p4 lab 02 winapi pong\debug\p4 lab 02 try2.res
c:\users\jasiu\desktop\pong\pong gruszka\p4 lab 02 winapi pong\p4 lab 02 winapi pong\debug\p4 lab 02 winapi.ilk
c:\users\jasiu\desktop\pong\pong gruszka\p4 lab 02 winapi pong\p4 lab 02 winapi pong\debug\p4 lab 02 winapi.pdb
c:\users\jasiu\desktop\pong\pong gruszka\p4 lab 02 winapi pong\p4 lab 02 winapi pong\debug\p4 lab 02 winapi.tlog\cl.command.1.tlog
c:\users\jasiu\desktop\pong\pong gruszka\p4 lab 02 winapi pong\p4 lab 02 winapi pong\debug\p4 lab 02 winapi.tlog\cl.read.1.tlog
c:\users\jasiu\desktop\pong\pong gruszka\p4 lab 02 winapi pong\p4 lab 02 winapi pong\debug\p4 lab 02 winapi.tlog\cl.write.1.tlog
c:\users\jasiu\desktop\pong\pong gruszka\p4 lab 02 winapi pong\p4 lab 02 winapi pong\debug\p4 lab 02 winapi.tlog\link.command.1.tlog
c:\users\jasiu\desktop\pong\pong gruszka\p4 lab 02 winapi pong\p4 lab 02 winapi pong\debug\p4 lab 02 winapi.tlog\link.read.1.tlog
c:\users\jasiu\desktop\pong\pong gruszka\p4 lab 02 winapi pong\p4 lab 02 winapi pong\debug\p4 lab 02 winapi.tlog\link.write.1.tlog
c:\users\jasiu\desktop\pong\pong gruszka\p4 lab 02 winapi pong\p4 lab 02 winapi pong\debug\p4 lab 02 winapi.tlog\rc.command.1.tlog
c:\users\jasiu\desktop\pong\pong gruszka\p4 lab 02 winapi pong\p4 lab 02 winapi pong\debug\p4 lab 02 winapi.tlog\rc.read.1.tlog
c:\users\jasiu\desktop\pong\pong gruszka\p4 lab 02 winapi pong\p4 lab 02 winapi pong\debug\p4 lab 02 winapi.tlog\rc.write.1.tlog
